开始同步git。Time: 2018-05-0202:30:01

[master 3260b0c] auto commit. Time: 2018-05-0202:30:01
 1 files changed, 4 insertions(+), 0 deletions(-)
 create mode 100644 02-mysql/dump-20180502.sql
 create mode 100644 11-logs/gitsync.log
Branch master set up to track remote branch master from origin.
同步git结束。Time: 2018-05-0202:30:17

开始同步git。Time: 2018-05-0302:30:02

[master 855eef9] auto commit. Time: 2018-05-0302:30:02
 3 files changed, 3930 insertions(+), 0 deletions(-)
 create mode 100644 02-mysql/dump-20180503.sql
Branch master set up to track remote branch master from origin.
同步git结束。Time: 2018-05-0302:30:31

开始同步git。Time: 2018-05-0402:30:01

[master 84c0c64] auto commit. Time: 2018-05-0402:30:01
 3 files changed, 3929 insertions(+), 0 deletions(-)
 create mode 100644 02-mysql/dump-20180504.sql
Branch master set up to track remote branch master from origin.
同步git结束。Time: 2018-05-0402:30:31

开始同步git。Time: 2018-05-0502:30:01

[master 5519f46] auto commit. Time: 2018-05-0502:30:01
 3 files changed, 3929 insertions(+), 0 deletions(-)
 create mode 100644 02-mysql/dump-20180505.sql
Branch master set up to track remote branch master from origin.
同步git结束。Time: 2018-05-0502:30:30

开始同步git。Time: 2018-05-0602:30:01

[master 66cbda9] auto commit. Time: 2018-05-0602:30:01
 2 files changed, 3921 insertions(+), 0 deletions(-)
 create mode 100644 02-mysql/dump-20180506.sql
Branch master set up to track remote branch master from origin.
同步git结束。Time: 2018-05-0602:30:30

开始同步git。Time: 2018-05-0702:30:01

[master cd31a30] auto commit. Time: 2018-05-0702:30:01
 3 files changed, 4075 insertions(+), 0 deletions(-)
 create mode 100644 02-mysql/dump-20180507.sql
Branch master set up to track remote branch master from origin.
同步git结束。Time: 2018-05-0702:30:29

开始同步git。Time: 2018-05-0802:30:01

[master fbe5d06] auto commit. Time: 2018-05-0802:30:01
 3 files changed, 4075 insertions(+), 0 deletions(-)
 create mode 100644 02-mysql/dump-20180508.sql
Branch master set up to track remote branch master from origin.
同步git结束。Time: 2018-05-0802:30:31

开始同步git。Time: 2018-05-0902:30:01

[master cd7d66c] auto commit. Time: 2018-05-0902:30:01
 3 files changed, 4075 insertions(+), 0 deletions(-)
 create mode 100644 02-mysql/dump-20180509.sql
Branch master set up to track remote branch master from origin.
同步git结束。Time: 2018-05-0902:30:30

开始同步git。Time: 2018-05-1002:30:02

[master 5f981a9] auto commit. Time: 2018-05-1002:30:02
 3 files changed, 4075 insertions(+), 0 deletions(-)
 create mode 100644 02-mysql/dump-20180510.sql
Branch master set up to track remote branch master from origin.
同步git结束。Time: 2018-05-1002:30:31

开始同步git。Time: 2018-05-1202:30:02

[master 2ef5f6b] auto commit. Time: 2018-05-1202:30:02
 2 files changed, 4067 insertions(+), 0 deletions(-)
 create mode 100644 02-mysql/dump-20180512.sql
Branch master set up to track remote branch master from origin.
同步git结束。Time: 2018-05-1202:30:31

开始同步git。Time: 2018-05-1302:30:01

[master 8388415] auto commit. Time: 2018-05-1302:30:01
 3 files changed, 4075 insertions(+), 0 deletions(-)
 create mode 100644 02-mysql/dump-20180513.sql
Branch master set up to track remote branch master from origin.
同步git结束。Time: 2018-05-1302:30:30

开始同步git。Time: 2018-05-1402:30:02

[master 78b5d1a] auto commit. Time: 2018-05-1402:30:02
 3 files changed, 4075 insertions(+), 0 deletions(-)
 create mode 100644 02-mysql/dump-20180514.sql
Branch master set up to track remote branch master from origin.
同步git结束。Time: 2018-05-1402:30:30

开始同步git。Time: 2018-05-1502:30:01

[master b859e8d] auto commit. Time: 2018-05-1502:30:01
 3 files changed, 4075 insertions(+), 0 deletions(-)
 create mode 100644 02-mysql/dump-20180515.sql
Branch master set up to track remote branch master from origin.
同步git结束。Time: 2018-05-1502:30:32

开始同步git。Time: 2018-05-1602:30:02

[master 2051c86] auto commit. Time: 2018-05-1602:30:02
 3 files changed, 4075 insertions(+), 0 deletions(-)
 create mode 100644 02-mysql/dump-20180516.sql
Branch master set up to track remote branch master from origin.
同步git结束。Time: 2018-05-1602:30:31

开始同步git。Time: 2018-05-1702:30:01

[master ad85306] auto commit. Time: 2018-05-1702:30:01
 3 files changed, 4075 insertions(+), 0 deletions(-)
 create mode 100644 02-mysql/dump-20180517.sql
Branch master set up to track remote branch master from origin.
同步git结束。Time: 2018-05-1702:30:31

开始同步git。Time: 2018-05-1802:30:01

[master 9b6db41] auto commit. Time: 2018-05-1802:30:01
 3 files changed, 4075 insertions(+), 0 deletions(-)
 create mode 100644 02-mysql/dump-20180518.sql
Branch master set up to track remote branch master from origin.
同步git结束。Time: 2018-05-1802:30:31

开始同步git。Time: 2018-05-1902:30:01

[master da7839b] auto commit. Time: 2018-05-1902:30:01
 3 files changed, 4075 insertions(+), 0 deletions(-)
 create mode 100644 02-mysql/dump-20180519.sql
Branch master set up to track remote branch master from origin.
同步git结束。Time: 2018-05-1902:30:30

开始同步git。Time: 2018-05-2002:30:01

[master 4ba18b2] auto commit. Time: 2018-05-2002:30:01
 3 files changed, 4075 insertions(+), 0 deletions(-)
 create mode 100644 02-mysql/dump-20180520.sql
Branch master set up to track remote branch master from origin.
同步git结束。Time: 2018-05-2002:30:30

开始同步git。Time: 2018-05-2102:30:01

[master 0db6e1a] auto commit. Time: 2018-05-2102:30:01
 3 files changed, 4075 insertions(+), 0 deletions(-)
 create mode 100644 02-mysql/dump-20180521.sql
Branch master set up to track remote branch master from origin.
同步git结束。Time: 2018-05-2102:30:30

开始同步git。Time: 2018-05-2202:30:01

[master 3c3c4cd] auto commit. Time: 2018-05-2202:30:01
 3 files changed, 4075 insertions(+), 0 deletions(-)
 create mode 100644 02-mysql/dump-20180522.sql
Branch master set up to track remote branch master from origin.
同步git结束。Time: 2018-05-2202:30:32

开始同步git。Time: 2018-05-2302:30:01

[master a568a62] auto commit. Time: 2018-05-2302:30:01
 3 files changed, 4075 insertions(+), 0 deletions(-)
 create mode 100644 02-mysql/dump-20180523.sql
Branch master set up to track remote branch master from origin.
同步git结束。Time: 2018-05-2302:30:30

开始同步git。Time: 2018-05-2402:30:01

[master c25cca7] auto commit. Time: 2018-05-2402:30:01
 3 files changed, 4075 insertions(+), 0 deletions(-)
 create mode 100644 02-mysql/dump-20180524.sql
Branch master set up to track remote branch master from origin.
同步git结束。Time: 2018-05-2402:30:30

开始同步git。Time: 2018-05-2502:30:02

[master fbdf5a5] auto commit. Time: 2018-05-2502:30:02
 3 files changed, 4075 insertions(+), 0 deletions(-)
 create mode 100644 02-mysql/dump-20180525.sql
Branch master set up to track remote branch master from origin.
同步git结束。Time: 2018-05-2502:35:15

开始同步git。Time: 2018-05-2602:30:01

[master 511ce07] auto commit. Time: 2018-05-2602:30:01
 3 files changed, 4075 insertions(+), 0 deletions(-)
 create mode 100644 02-mysql/dump-20180526.sql
Branch master set up to track remote branch master from origin.
同步git结束。Time: 2018-05-2602:34:47

开始同步git。Time: 2018-05-2702:30:02

[master bdf1c58] auto commit. Time: 2018-05-2702:30:02
 3 files changed, 4075 insertions(+), 0 deletions(-)
 create mode 100644 02-mysql/dump-20180527.sql
Branch master set up to track remote branch master from origin.
同步git结束。Time: 2018-05-2702:34:47

开始同步git。Time: 2018-05-2802:30:01

[master 7269401] auto commit. Time: 2018-05-2802:30:01
 3 files changed, 4075 insertions(+), 0 deletions(-)
 create mode 100644 02-mysql/dump-20180528.sql
Branch master set up to track remote branch master from origin.
同步git结束。Time: 2018-05-2802:33:11

开始同步git。Time: 2018-05-2902:30:01

[master dd1cb3d] auto commit. Time: 2018-05-2902:30:01
 3 files changed, 4075 insertions(+), 0 deletions(-)
 create mode 100644 02-mysql/dump-20180529.sql
Branch master set up to track remote branch master from origin.
同步git结束。Time: 2018-05-2902:34:26

开始同步git。Time: 2018-05-3002:30:02

[master 7691b90] auto commit. Time: 2018-05-3002:30:02
 3 files changed, 4075 insertions(+), 0 deletions(-)
 create mode 100644 02-mysql/dump-20180530.sql
Branch master set up to track remote branch master from origin.
同步git结束。Time: 2018-05-3002:34:53

开始同步git。Time: 2018-05-3102:30:01

[master 33caf07] auto commit. Time: 2018-05-3102:30:01
 3 files changed, 4075 insertions(+), 0 deletions(-)
 create mode 100644 02-mysql/dump-20180531.sql
Branch master set up to track remote branch master from origin.
同步git结束。Time: 2018-05-3102:34:31

开始同步git。Time: 2018-06-0102:30:02

[master c215c7a] auto commit. Time: 2018-06-0102:30:02
 3 files changed, 4075 insertions(+), 0 deletions(-)
 create mode 100644 02-mysql/dump-20180601.sql
Branch master set up to track remote branch master from origin.
同步git结束。Time: 2018-06-0102:34:40

开始同步git。Time: 2018-06-0202:30:01

[master 459445c] auto commit. Time: 2018-06-0202:30:01
 3 files changed, 4075 insertions(+), 0 deletions(-)
 create mode 100644 02-mysql/dump-20180602.sql
Branch master set up to track remote branch master from origin.
同步git结束。Time: 2018-06-0202:34:46

开始同步git。Time: 2018-06-0302:30:01

[master 43bc822] auto commit. Time: 2018-06-0302:30:01
 3 files changed, 4075 insertions(+), 0 deletions(-)
 create mode 100644 02-mysql/dump-20180603.sql
Branch master set up to track remote branch master from origin.
同步git结束。Time: 2018-06-0302:36:59

开始同步git。Time: 2018-06-0402:30:02

[master c2a4907] auto commit. Time: 2018-06-0402:30:02
 3 files changed, 4075 insertions(+), 0 deletions(-)
 create mode 100644 02-mysql/dump-20180604.sql
Branch master set up to track remote branch master from origin.
同步git结束。Time: 2018-06-0402:34:25

开始同步git。Time: 2018-06-0502:30:02

[master 72c9d17] auto commit. Time: 2018-06-0502:30:02
 3 files changed, 4075 insertions(+), 0 deletions(-)
 create mode 100644 02-mysql/dump-20180605.sql
Branch master set up to track remote branch master from origin.
同步git结束。Time: 2018-06-0502:38:01

开始同步git。Time: 2018-06-0602:30:01

[master 1e4ad24] auto commit. Time: 2018-06-0602:30:01
 3 files changed, 4143 insertions(+), 0 deletions(-)
 create mode 100644 02-mysql/dump-20180606.sql
Branch master set up to track remote branch master from origin.
同步git结束。Time: 2018-06-0602:33:47

