rm: cannot remove `/home/sqlback/02-mysql/dump-20180428.sql': No such file or directory
Warning: Using a password on the command line interface can be insecure.
mysqldump: Got error: 1044: Access denied for user 'readonlyroot'@'%' to database 'echarge' when using LOCK TABLES
执行删除: [2018-05-0200:30:01]

备份完毕：[2018-05-0200:30:01]

执行删除: [2018-05-0300:30:02]

备份完毕：[2018-05-0300:30:02]

执行删除: [2018-05-0400:30:01]

备份完毕：[2018-05-0400:30:02]

执行删除: [2018-05-0500:30:01]

备份完毕：[2018-05-0500:30:02]

执行删除: [2018-05-0600:30:01]

备份完毕：[2018-05-0600:30:02]

执行删除: [2018-05-0700:30:01]

备份完毕：[2018-05-0700:30:01]

执行删除: [2018-05-0800:30:01]

备份完毕：[2018-05-0800:30:02]

执行删除: [2018-05-0900:30:01]

备份完毕：[2018-05-0900:30:02]

执行删除: [2018-05-1000:30:01]

备份完毕：[2018-05-1000:30:02]

执行删除: [2018-05-1100:30:01]

备份完毕：[2018-05-1100:30:02]

执行删除: [2018-05-1200:30:01]

备份完毕：[2018-05-1200:30:03]

执行删除: [2018-05-1300:30:01]

备份完毕：[2018-05-1300:30:02]

执行删除: [2018-05-1400:30:01]

备份完毕：[2018-05-1400:30:03]

执行删除: [2018-05-1500:30:01]

备份完毕：[2018-05-1500:30:02]

执行删除: [2018-05-1600:30:01]

备份完毕：[2018-05-1600:30:02]

执行删除: [2018-05-1700:30:01]

备份完毕：[2018-05-1700:30:02]

执行删除: [2018-05-1800:30:01]

备份完毕：[2018-05-1800:30:02]

执行删除: [2018-05-1900:30:01]

备份完毕：[2018-05-1900:30:02]

执行删除: [2018-05-2000:30:01]

备份完毕：[2018-05-2000:30:02]

执行删除: [2018-05-2100:30:02]

备份完毕：[2018-05-2100:30:02]

执行删除: [2018-05-2200:30:01]

备份完毕：[2018-05-2200:30:02]

执行删除: [2018-05-2300:30:01]

备份完毕：[2018-05-2300:30:02]

执行删除: [2018-05-2400:30:01]

备份完毕：[2018-05-2400:30:02]

执行删除: [2018-05-2500:30:01]

备份完毕：[2018-05-2500:30:02]

执行删除: [2018-05-2600:30:01]

备份完毕：[2018-05-2600:30:02]

执行删除: [2018-05-2700:30:01]

备份完毕：[2018-05-2700:30:02]

执行删除: [2018-05-2800:30:01]

备份完毕：[2018-05-2800:30:02]

执行删除: [2018-05-2900:30:01]

备份完毕：[2018-05-2900:30:02]

执行删除: [2018-05-3000:30:01]

备份完毕：[2018-05-3000:30:02]

执行删除: [2018-05-3100:30:01]

备份完毕：[2018-05-3100:30:02]

执行删除: [2018-06-0100:30:01]

备份完毕：[2018-06-0100:30:02]

执行删除: [2018-06-0200:30:01]

备份完毕：[2018-06-0200:30:02]

执行删除: [2018-06-0300:30:01]

备份完毕：[2018-06-0300:30:02]

执行删除: [2018-06-0400:30:01]

备份完毕：[2018-06-0400:30:02]

执行删除: [2018-06-0500:30:01]

备份完毕：[2018-06-0500:30:02]

执行删除: [2018-06-0600:30:01]

备份完毕：[2018-06-0600:30:02]

执行删除: [2018-06-0700:30:01]

备份完毕：[2018-06-0700:30:02]

执行删除: [2018-06-0800:30:01]

备份完毕：[2018-06-0800:30:02]

执行删除: [2018-06-0900:30:02]

备份完毕：[2018-06-0900:30:03]

执行删除: [2018-06-1000:30:01]

备份完毕：[2018-06-1000:30:01]

执行删除: [2018-06-1100:30:01]

备份完毕：[2018-06-1100:30:03]

执行删除: [2018-06-1200:30:01]

备份完毕：[2018-06-1200:30:03]

执行删除: [2018-06-1300:30:01]

备份完毕：[2018-06-1300:30:01]

执行删除: [2018-06-1400:30:01]

备份完毕：[2018-06-1400:30:01]

执行删除: [2018-06-1500:30:01]

备份完毕：[2018-06-1500:30:01]

执行删除: [2018-06-1600:30:01]

备份完毕：[2018-06-1600:30:01]

